28.05.2015 13:59:44|Error:    bei GameRating.Analyser.<getAnalysedMatchHistory>d__b.MoveNext() in c:\Users\jbergmann\Documents\Visual Studio 2013\Projects\RiotSharp-2.2.1\GameRating\Analyser.cs:Zeile 45.
--- Ende der Stapelüberwachung vom vorhergehenden Ort, an dem die Ausnahme ausgelöst wurde ---
   bei System.Runtime.CompilerServices.TaskAwaiter.ThrowForNonSuccess(Task task)
   bei System.Runtime.CompilerServices.TaskAwaiter.HandleNonSuccessAndDebuggerNotification(Task task)
   bei System.Runtime.CompilerServices.TaskAwaiter`1.GetResult()
   bei GameRating.MainWindow.<load>d__0.MoveNext() in c:\Users\jbergmann\Documents\Visual Studio 2013\Projects\RiotSharp-2.2.1\GameRating\MainWindow.xaml.cs:Zeile 81.
28.05.2015 14:05:30|Error:    bei RiotSharp.Requester.GetResponse(HttpWebRequest request, Int32 errorCount) in c:\Users\jbergmann\Documents\Visual Studio 2013\Projects\RiotSharp-2.2.1\RiotSharp\Requester.cs:Zeile 62.
   bei RiotSharp.Requester.<GetResponseAsync>d__4.MoveNext() in c:\Users\jbergmann\Documents\Visual Studio 2013\Projects\RiotSharp-2.2.1\RiotSharp\Requester.cs:Zeile 115.
--- Ende der Stapelüberwachung vom vorhergehenden Ort, an dem die Ausnahme ausgelöst wurde ---
   bei System.Runtime.CompilerServices.TaskAwaiter.ThrowForNonSuccess(Task task)
   bei System.Runtime.CompilerServices.TaskAwaiter.HandleNonSuccessAndDebuggerNotification(Task task)
   bei System.Runtime.CompilerServices.TaskAwaiter`1.GetResult()
   bei RiotSharp.RateLimitedRequester.<CreateRequestAsync>d__0.MoveNext() in c:\Users\jbergmann\Documents\Visual Studio 2013\Projects\RiotSharp-2.2.1\RiotSharp\RateLimitedRequester.cs:Zeile 57.
--- Ende der Stapelüberwachung vom vorhergehenden Ort, an dem die Ausnahme ausgelöst wurde ---
   bei System.Runtime.CompilerServices.TaskAwaiter.ThrowForNonSuccess(Task task)
   bei System.Runtime.CompilerServices.TaskAwaiter.HandleNonSuccessAndDebuggerNotification(Task task)
   bei System.Runtime.CompilerServices.TaskAwaiter`1.GetResult()
   bei RiotSharp.RiotApi.<GetMatchAsync>d__81.MoveNext() in c:\Users\jbergmann\Documents\Visual Studio 2013\Projects\RiotSharp-2.2.1\RiotSharp\RiotApi.cs:Zeile 676.
--- Ende der Stapelüberwachung vom vorhergehenden Ort, an dem die Ausnahme ausgelöst wurde ---
   bei System.Runtime.CompilerServices.TaskAwaiter.ThrowForNonSuccess(Task task)
   bei System.Runtime.CompilerServices.TaskAwaiter.HandleNonSuccessAndDebuggerNotification(Task task)
   bei System.Runtime.CompilerServices.TaskAwaiter`1.GetResult()
   bei GameRating.Analyser.<getAnalysedMatchHistory>d__b.MoveNext() in c:\Users\jbergmann\Documents\Visual Studio 2013\Projects\RiotSharp-2.2.1\GameRating\Analyser.cs:Zeile 36.
--- Ende der Stapelüberwachung vom vorhergehenden Ort, an dem die Ausnahme ausgelöst wurde ---
   bei System.Runtime.CompilerServices.TaskAwaiter.ThrowForNonSuccess(Task task)
   bei System.Runtime.CompilerServices.TaskAwaiter.HandleNonSuccessAndDebuggerNotification(Task task)
   bei System.Runtime.CompilerServices.TaskAwaiter`1.GetResult()
   bei GameRating.MainWindow.<load>d__0.MoveNext() in c:\Users\jbergmann\Documents\Visual Studio 2013\Projects\RiotSharp-2.2.1\GameRating\MainWindow.xaml.cs:Zeile 81.
28.05.2015 14:12:32|Error: 429, Rate Limit Exceeded
28.05.2015 14:12:42|Error:    bei RiotSharp.Requester.GetResponse(HttpWebRequest request, Int32 errorCount) in c:\Users\jbergmann\Documents\Visual Studio 2013\Projects\RiotSharp-2.2.1\RiotSharp\Requester.cs:Zeile 64.
   bei RiotSharp.Requester.<GetResponseAsync>d__4.MoveNext() in c:\Users\jbergmann\Documents\Visual Studio 2013\Projects\RiotSharp-2.2.1\RiotSharp\Requester.cs:Zeile 119.
--- Ende der Stapelüberwachung vom vorhergehenden Ort, an dem die Ausnahme ausgelöst wurde ---
   bei System.Runtime.CompilerServices.TaskAwaiter.ThrowForNonSuccess(Task task)
   bei System.Runtime.CompilerServices.TaskAwaiter.HandleNonSuccessAndDebuggerNotification(Task task)
   bei System.Runtime.CompilerServices.TaskAwaiter`1.GetResult()
   bei RiotSharp.RateLimitedRequester.<CreateRequestAsync>d__0.MoveNext() in c:\Users\jbergmann\Documents\Visual Studio 2013\Projects\RiotSharp-2.2.1\RiotSharp\RateLimitedRequester.cs:Zeile 57.
--- Ende der Stapelüberwachung vom vorhergehenden Ort, an dem die Ausnahme ausgelöst wurde ---
   bei System.Runtime.CompilerServices.TaskAwaiter.ThrowForNonSuccess(Task task)
   bei System.Runtime.CompilerServices.TaskAwaiter.HandleNonSuccessAndDebuggerNotification(Task task)
   bei System.Runtime.CompilerServices.TaskAwaiter`1.GetResult()
   bei RiotSharp.RiotApi.<GetMatchAsync>d__81.MoveNext() in c:\Users\jbergmann\Documents\Visual Studio 2013\Projects\RiotSharp-2.2.1\RiotSharp\RiotApi.cs:Zeile 676.
--- Ende der Stapelüberwachung vom vorhergehenden Ort, an dem die Ausnahme ausgelöst wurde ---
   bei System.Runtime.CompilerServices.TaskAwaiter.ThrowForNonSuccess(Task task)
   bei System.Runtime.CompilerServices.TaskAwaiter.HandleNonSuccessAndDebuggerNotification(Task task)
   bei System.Runtime.CompilerServices.TaskAwaiter`1.GetResult()
   bei GameRating.Analyser.<getAnalysedMatchHistory>d__b.MoveNext() in c:\Users\jbergmann\Documents\Visual Studio 2013\Projects\RiotSharp-2.2.1\GameRating\Analyser.cs:Zeile 36.
--- Ende der Stapelüberwachung vom vorhergehenden Ort, an dem die Ausnahme ausgelöst wurde ---
   bei System.Runtime.CompilerServices.TaskAwaiter.ThrowForNonSuccess(Task task)
   bei System.Runtime.CompilerServices.TaskAwaiter.HandleNonSuccessAndDebuggerNotification(Task task)
   bei System.Runtime.CompilerServices.TaskAwaiter`1.GetResult()
   bei GameRating.MainWindow.<load>d__0.MoveNext() in c:\Users\jbergmann\Documents\Visual Studio 2013\Projects\RiotSharp-2.2.1\GameRating\MainWindow.xaml.cs:Zeile 81.
28.05.2015 14:19:14|Error: 429, Rate Limit Exceeded
28.05.2015 14:19:23|Error:    bei RiotSharp.Requester.GetResponse(HttpWebRequest request, Int32 errorCount) in c:\Users\jbergmann\Documents\Visual Studio 2013\Projects\RiotSharp-2.2.1\RiotSharp\Requester.cs:Zeile 64.
   bei RiotSharp.Requester.<GetResponseAsync>d__4.MoveNext() in c:\Users\jbergmann\Documents\Visual Studio 2013\Projects\RiotSharp-2.2.1\RiotSharp\Requester.cs:Zeile 119.
--- Ende der Stapelüberwachung vom vorhergehenden Ort, an dem die Ausnahme ausgelöst wurde ---
   bei System.Runtime.CompilerServices.TaskAwaiter.ThrowForNonSuccess(Task task)
   bei System.Runtime.CompilerServices.TaskAwaiter.HandleNonSuccessAndDebuggerNotification(Task task)
   bei System.Runtime.CompilerServices.TaskAwaiter`1.GetResult()
   bei RiotSharp.RateLimitedRequester.<CreateRequestAsync>d__0.MoveNext() in c:\Users\jbergmann\Documents\Visual Studio 2013\Projects\RiotSharp-2.2.1\RiotSharp\RateLimitedRequester.cs:Zeile 57.
--- Ende der Stapelüberwachung vom vorhergehenden Ort, an dem die Ausnahme ausgelöst wurde ---
   bei System.Runtime.CompilerServices.TaskAwaiter.ThrowForNonSuccess(Task task)
   bei System.Runtime.CompilerServices.TaskAwaiter.HandleNonSuccessAndDebuggerNotification(Task task)
   bei System.Runtime.CompilerServices.TaskAwaiter`1.GetResult()
   bei RiotSharp.RiotApi.<GetMatchAsync>d__81.MoveNext() in c:\Users\jbergmann\Documents\Visual Studio 2013\Projects\RiotSharp-2.2.1\RiotSharp\RiotApi.cs:Zeile 676.
--- Ende der Stapelüberwachung vom vorhergehenden Ort, an dem die Ausnahme ausgelöst wurde ---
   bei System.Runtime.CompilerServices.TaskAwaiter.ThrowForNonSuccess(Task task)
   bei System.Runtime.CompilerServices.TaskAwaiter.HandleNonSuccessAndDebuggerNotification(Task task)
   bei System.Runtime.CompilerServices.TaskAwaiter`1.GetResult()
   bei GameRating.Analyser.<getAnalysedMatchHistory>d__b.MoveNext() in c:\Users\jbergmann\Documents\Visual Studio 2013\Projects\RiotSharp-2.2.1\GameRating\Analyser.cs:Zeile 36.
--- Ende der Stapelüberwachung vom vorhergehenden Ort, an dem die Ausnahme ausgelöst wurde ---
   bei System.Runtime.CompilerServices.TaskAwaiter.ThrowForNonSuccess(Task task)
   bei System.Runtime.CompilerServices.TaskAwaiter.HandleNonSuccessAndDebuggerNotification(Task task)
   bei System.Runtime.CompilerServices.TaskAwaiter`1.GetResult()
   bei GameRating.MainWindow.<load>d__0.MoveNext() in c:\Users\jbergmann\Documents\Visual Studio 2013\Projects\RiotSharp-2.2.1\GameRating\MainWindow.xaml.cs:Zeile 83.
28.05.2015 14:20:18|Error:    bei RiotSharp.Requester.<GetResponseAsync>d__4.MoveNext() in c:\Users\jbergmann\Documents\Visual Studio 2013\Projects\RiotSharp-2.2.1\RiotSharp\Requester.cs:Zeile 122.
--- Ende der Stapelüberwachung vom vorhergehenden Ort, an dem die Ausnahme ausgelöst wurde ---
   bei System.Runtime.CompilerServices.TaskAwaiter.ThrowForNonSuccess(Task task)
   bei System.Runtime.CompilerServices.TaskAwaiter.HandleNonSuccessAndDebuggerNotification(Task task)
   bei System.Runtime.CompilerServices.TaskAwaiter`1.GetResult()
   bei RiotSharp.RateLimitedRequester.<CreateRequestAsync>d__0.MoveNext() in c:\Users\jbergmann\Documents\Visual Studio 2013\Projects\RiotSharp-2.2.1\RiotSharp\RateLimitedRequester.cs:Zeile 57.
--- Ende der Stapelüberwachung vom vorhergehenden Ort, an dem die Ausnahme ausgelöst wurde ---
   bei System.Runtime.CompilerServices.TaskAwaiter.ThrowForNonSuccess(Task task)
   bei System.Runtime.CompilerServices.TaskAwaiter.HandleNonSuccessAndDebuggerNotification(Task task)
   bei System.Runtime.CompilerServices.TaskAwaiter`1.GetResult()
   bei RiotSharp.RiotApi.<GetSummonerAsync>d__13.MoveNext() in c:\Users\jbergmann\Documents\Visual Studio 2013\Projects\RiotSharp-2.2.1\RiotSharp\RiotApi.cs:Zeile 191.
--- Ende der Stapelüberwachung vom vorhergehenden Ort, an dem die Ausnahme ausgelöst wurde ---
   bei System.Runtime.CompilerServices.TaskAwaiter.ThrowForNonSuccess(Task task)
   bei System.Runtime.CompilerServices.TaskAwaiter.HandleNonSuccessAndDebuggerNotification(Task task)
   bei System.Runtime.CompilerServices.TaskAwaiter`1.GetResult()
   bei GameRating.Analyser.<getAnalysedMatchHistory>d__b.MoveNext() in c:\Users\jbergmann\Documents\Visual Studio 2013\Projects\RiotSharp-2.2.1\GameRating\Analyser.cs:Zeile 28.
--- Ende der Stapelüberwachung vom vorhergehenden Ort, an dem die Ausnahme ausgelöst wurde ---
   bei System.Runtime.CompilerServices.TaskAwaiter.ThrowForNonSuccess(Task task)
   bei System.Runtime.CompilerServices.TaskAwaiter.HandleNonSuccessAndDebuggerNotification(Task task)
   bei System.Runtime.CompilerServices.TaskAwaiter`1.GetResult()
   bei GameRating.MainWindow.<load>d__0.MoveNext() in c:\Users\jbergmann\Documents\Visual Studio 2013\Projects\RiotSharp-2.2.1\GameRating\MainWindow.xaml.cs:Zeile 83.
28.05.2015 14:20:23|Error:    bei RiotSharp.Requester.<GetResponseAsync>d__4.MoveNext() in c:\Users\jbergmann\Documents\Visual Studio 2013\Projects\RiotSharp-2.2.1\RiotSharp\Requester.cs:Zeile 122.
--- Ende der Stapelüberwachung vom vorhergehenden Ort, an dem die Ausnahme ausgelöst wurde ---
   bei System.Runtime.CompilerServices.TaskAwaiter.ThrowForNonSuccess(Task task)
   bei System.Runtime.CompilerServices.TaskAwaiter.HandleNonSuccessAndDebuggerNotification(Task task)
   bei System.Runtime.CompilerServices.TaskAwaiter`1.GetResult()
   bei RiotSharp.RateLimitedRequester.<CreateRequestAsync>d__0.MoveNext() in c:\Users\jbergmann\Documents\Visual Studio 2013\Projects\RiotSharp-2.2.1\RiotSharp\RateLimitedRequester.cs:Zeile 57.
--- Ende der Stapelüberwachung vom vorhergehenden Ort, an dem die Ausnahme ausgelöst wurde ---
   bei System.Runtime.CompilerServices.TaskAwaiter.ThrowForNonSuccess(Task task)
   bei System.Runtime.CompilerServices.TaskAwaiter.HandleNonSuccessAndDebuggerNotification(Task task)
   bei System.Runtime.CompilerServices.TaskAwaiter`1.GetResult()
   bei RiotSharp.RiotApi.<GetSummonerAsync>d__13.MoveNext() in c:\Users\jbergmann\Documents\Visual Studio 2013\Projects\RiotSharp-2.2.1\RiotSharp\RiotApi.cs:Zeile 191.
--- Ende der Stapelüberwachung vom vorhergehenden Ort, an dem die Ausnahme ausgelöst wurde ---
   bei System.Runtime.CompilerServices.TaskAwaiter.ThrowForNonSuccess(Task task)
   bei System.Runtime.CompilerServices.TaskAwaiter.HandleNonSuccessAndDebuggerNotification(Task task)
   bei System.Runtime.CompilerServices.TaskAwaiter`1.GetResult()
   bei GameRating.Analyser.<getAnalysedMatchHistory>d__b.MoveNext() in c:\Users\jbergmann\Documents\Visual Studio 2013\Projects\RiotSharp-2.2.1\GameRating\Analyser.cs:Zeile 28.
--- Ende der Stapelüberwachung vom vorhergehenden Ort, an dem die Ausnahme ausgelöst wurde ---
   bei System.Runtime.CompilerServices.TaskAwaiter.ThrowForNonSuccess(Task task)
   bei System.Runtime.CompilerServices.TaskAwaiter.HandleNonSuccessAndDebuggerNotification(Task task)
   bei System.Runtime.CompilerServices.TaskAwaiter`1.GetResult()
   bei GameRating.MainWindow.<load>d__0.MoveNext() in c:\Users\jbergmann\Documents\Visual Studio 2013\Projects\RiotSharp-2.2.1\GameRating\MainWindow.xaml.cs:Zeile 83.
28.05.2015 14:20:26|Error:    bei RiotSharp.Requester.<GetResponseAsync>d__4.MoveNext() in c:\Users\jbergmann\Documents\Visual Studio 2013\Projects\RiotSharp-2.2.1\RiotSharp\Requester.cs:Zeile 122.
--- Ende der Stapelüberwachung vom vorhergehenden Ort, an dem die Ausnahme ausgelöst wurde ---
   bei System.Runtime.CompilerServices.TaskAwaiter.ThrowForNonSuccess(Task task)
   bei System.Runtime.CompilerServices.TaskAwaiter.HandleNonSuccessAndDebuggerNotification(Task task)
   bei System.Runtime.CompilerServices.TaskAwaiter`1.GetResult()
   bei RiotSharp.RateLimitedRequester.<CreateRequestAsync>d__0.MoveNext() in c:\Users\jbergmann\Documents\Visual Studio 2013\Projects\RiotSharp-2.2.1\RiotSharp\RateLimitedRequester.cs:Zeile 57.
--- Ende der Stapelüberwachung vom vorhergehenden Ort, an dem die Ausnahme ausgelöst wurde ---
   bei System.Runtime.CompilerServices.TaskAwaiter.ThrowForNonSuccess(Task task)
   bei System.Runtime.CompilerServices.TaskAwaiter.HandleNonSuccessAndDebuggerNotification(Task task)
   bei System.Runtime.CompilerServices.TaskAwaiter`1.GetResult()
   bei RiotSharp.RiotApi.<GetSummonerAsync>d__13.MoveNext() in c:\Users\jbergmann\Documents\Visual Studio 2013\Projects\RiotSharp-2.2.1\RiotSharp\RiotApi.cs:Zeile 191.
--- Ende der Stapelüberwachung vom vorhergehenden Ort, an dem die Ausnahme ausgelöst wurde ---
   bei System.Runtime.CompilerServices.TaskAwaiter.ThrowForNonSuccess(Task task)
   bei System.Runtime.CompilerServices.TaskAwaiter.HandleNonSuccessAndDebuggerNotification(Task task)
   bei System.Runtime.CompilerServices.TaskAwaiter`1.GetResult()
   bei GameRating.Analyser.<getAnalysedMatchHistory>d__b.MoveNext() in c:\Users\jbergmann\Documents\Visual Studio 2013\Projects\RiotSharp-2.2.1\GameRating\Analyser.cs:Zeile 28.
--- Ende der Stapelüberwachung vom vorhergehenden Ort, an dem die Ausnahme ausgelöst wurde ---
   bei System.Runtime.CompilerServices.TaskAwaiter.ThrowForNonSuccess(Task task)
   bei System.Runtime.CompilerServices.TaskAwaiter.HandleNonSuccessAndDebuggerNotification(Task task)
   bei System.Runtime.CompilerServices.TaskAwaiter`1.GetResult()
   bei GameRating.MainWindow.<load>d__0.MoveNext() in c:\Users\jbergmann\Documents\Visual Studio 2013\Projects\RiotSharp-2.2.1\GameRating\MainWindow.xaml.cs:Zeile 83.
28.05.2015 14:28:27|Error: 429, Rate Limit Exceeded
28.05.2015 14:28:30|Error:    bei RiotSharp.Requester.GetResponse(HttpWebRequest request, Int32 errorCount) in c:\Users\jbergmann\Documents\Visual Studio 2013\Projects\RiotSharp-2.2.1\RiotSharp\Requester.cs:Zeile 64.
   bei RiotSharp.Requester.<GetResponseAsync>d__4.MoveNext() in c:\Users\jbergmann\Documents\Visual Studio 2013\Projects\RiotSharp-2.2.1\RiotSharp\Requester.cs:Zeile 119.
--- Ende der Stapelüberwachung vom vorhergehenden Ort, an dem die Ausnahme ausgelöst wurde ---
   bei System.Runtime.CompilerServices.TaskAwaiter.ThrowForNonSuccess(Task task)
   bei System.Runtime.CompilerServices.TaskAwaiter.HandleNonSuccessAndDebuggerNotification(Task task)
   bei System.Runtime.CompilerServices.TaskAwaiter`1.GetResult()
   bei RiotSharp.RateLimitedRequester.<CreateRequestAsync>d__0.MoveNext() in c:\Users\jbergmann\Documents\Visual Studio 2013\Projects\RiotSharp-2.2.1\RiotSharp\RateLimitedRequester.cs:Zeile 57.
--- Ende der Stapelüberwachung vom vorhergehenden Ort, an dem die Ausnahme ausgelöst wurde ---
   bei System.Runtime.CompilerServices.TaskAwaiter.ThrowForNonSuccess(Task task)
   bei System.Runtime.CompilerServices.TaskAwaiter.HandleNonSuccessAndDebuggerNotification(Task task)
   bei System.Runtime.CompilerServices.TaskAwaiter`1.GetResult()
   bei RiotSharp.RiotApi.<GetMatchAsync>d__81.MoveNext() in c:\Users\jbergmann\Documents\Visual Studio 2013\Projects\RiotSharp-2.2.1\RiotSharp\RiotApi.cs:Zeile 676.
--- Ende der Stapelüberwachung vom vorhergehenden Ort, an dem die Ausnahme ausgelöst wurde ---
   bei System.Runtime.CompilerServices.TaskAwaiter.ThrowForNonSuccess(Task task)
   bei System.Runtime.CompilerServices.TaskAwaiter.HandleNonSuccessAndDebuggerNotification(Task task)
   bei System.Runtime.CompilerServices.TaskAwaiter`1.GetResult()
   bei GameRating.Analyser.<getAnalysedMatchHistory>d__b.MoveNext() in c:\Users\jbergmann\Documents\Visual Studio 2013\Projects\RiotSharp-2.2.1\GameRating\Analyser.cs:Zeile 36.
--- Ende der Stapelüberwachung vom vorhergehenden Ort, an dem die Ausnahme ausgelöst wurde ---
   bei System.Runtime.CompilerServices.TaskAwaiter.ThrowForNonSuccess(Task task)
   bei System.Runtime.CompilerServices.TaskAwaiter.HandleNonSuccessAndDebuggerNotification(Task task)
   bei System.Runtime.CompilerServices.TaskAwaiter`1.GetResult()
   bei GameRating.MainWindow.<load>d__0.MoveNext() in c:\Users\jbergmann\Documents\Visual Studio 2013\Projects\RiotSharp-2.2.1\GameRating\MainWindow.xaml.cs:Zeile 83.
28.05.2015 14:29:30|Error: 429, Rate Limit Exceeded
28.05.2015 14:29:33|Error:    bei RiotSharp.Requester.GetResponse(HttpWebRequest request, Int32 errorCount) in c:\Users\jbergmann\Documents\Visual Studio 2013\Projects\RiotSharp-2.2.1\RiotSharp\Requester.cs:Zeile 64.
   bei RiotSharp.Requester.<GetResponseAsync>d__4.MoveNext() in c:\Users\jbergmann\Documents\Visual Studio 2013\Projects\RiotSharp-2.2.1\RiotSharp\Requester.cs:Zeile 119.
--- Ende der Stapelüberwachung vom vorhergehenden Ort, an dem die Ausnahme ausgelöst wurde ---
   bei System.Runtime.CompilerServices.TaskAwaiter.ThrowForNonSuccess(Task task)
   bei System.Runtime.CompilerServices.TaskAwaiter.HandleNonSuccessAndDebuggerNotification(Task task)
   bei System.Runtime.CompilerServices.TaskAwaiter`1.GetResult()
   bei RiotSharp.RateLimitedRequester.<CreateRequestAsync>d__0.MoveNext() in c:\Users\jbergmann\Documents\Visual Studio 2013\Projects\RiotSharp-2.2.1\RiotSharp\RateLimitedRequester.cs:Zeile 57.
--- Ende der Stapelüberwachung vom vorhergehenden Ort, an dem die Ausnahme ausgelöst wurde ---
   bei System.Runtime.CompilerServices.TaskAwaiter.ThrowForNonSuccess(Task task)
   bei System.Runtime.CompilerServices.TaskAwaiter.HandleNonSuccessAndDebuggerNotification(Task task)
   bei System.Runtime.CompilerServices.TaskAwaiter`1.GetResult()
   bei RiotSharp.RiotApi.<GetMatchAsync>d__81.MoveNext() in c:\Users\jbergmann\Documents\Visual Studio 2013\Projects\RiotSharp-2.2.1\RiotSharp\RiotApi.cs:Zeile 676.
--- Ende der Stapelüberwachung vom vorhergehenden Ort, an dem die Ausnahme ausgelöst wurde ---
   bei System.Runtime.CompilerServices.TaskAwaiter.ThrowForNonSuccess(Task task)
   bei System.Runtime.CompilerServices.TaskAwaiter.HandleNonSuccessAndDebuggerNotification(Task task)
   bei System.Runtime.CompilerServices.TaskAwaiter`1.GetResult()
   bei GameRating.Analyser.<getAnalysedMatchHistory>d__b.MoveNext() in c:\Users\jbergmann\Documents\Visual Studio 2013\Projects\RiotSharp-2.2.1\GameRating\Analyser.cs:Zeile 36.
--- Ende der Stapelüberwachung vom vorhergehenden Ort, an dem die Ausnahme ausgelöst wurde ---
   bei System.Runtime.CompilerServices.TaskAwaiter.ThrowForNonSuccess(Task task)
   bei System.Runtime.CompilerServices.TaskAwaiter.HandleNonSuccessAndDebuggerNotification(Task task)
   bei System.Runtime.CompilerServices.TaskAwaiter`1.GetResult()
   bei GameRating.MainWindow.<load>d__0.MoveNext() in c:\Users\jbergmann\Documents\Visual Studio 2013\Projects\RiotSharp-2.2.1\GameRating\MainWindow.xaml.cs:Zeile 83.
28.05.2015 14:30:34|Error: 429, Rate Limit Exceeded
28.05.2015 14:30:37|Error: 
28.05.2015 14:30:40|Error:    bei RiotSharp.Requester.GetResponse(HttpWebRequest request, Int32 errorCount) in c:\Users\jbergmann\Documents\Visual Studio 2013\Projects\RiotSharp-2.2.1\RiotSharp\Requester.cs:Zeile 64.
   bei RiotSharp.Requester.<GetResponseAsync>d__4.MoveNext() in c:\Users\jbergmann\Documents\Visual Studio 2013\Projects\RiotSharp-2.2.1\RiotSharp\Requester.cs:Zeile 119.
--- Ende der Stapelüberwachung vom vorhergehenden Ort, an dem die Ausnahme ausgelöst wurde ---
   bei System.Runtime.CompilerServices.TaskAwaiter.ThrowForNonSuccess(Task task)
   bei System.Runtime.CompilerServices.TaskAwaiter.HandleNonSuccessAndDebuggerNotification(Task task)
   bei System.Runtime.CompilerServices.TaskAwaiter`1.GetResult()
   bei RiotSharp.RateLimitedRequester.<CreateRequestAsync>d__0.MoveNext() in c:\Users\jbergmann\Documents\Visual Studio 2013\Projects\RiotSharp-2.2.1\RiotSharp\RateLimitedRequester.cs:Zeile 57.
--- Ende der Stapelüberwachung vom vorhergehenden Ort, an dem die Ausnahme ausgelöst wurde ---
   bei System.Runtime.CompilerServices.TaskAwaiter.ThrowForNonSuccess(Task task)
   bei System.Runtime.CompilerServices.TaskAwaiter.HandleNonSuccessAndDebuggerNotification(Task task)
   bei System.Runtime.CompilerServices.TaskAwaiter`1.GetResult()
   bei RiotSharp.RiotApi.<GetMatchAsync>d__81.MoveNext() in c:\Users\jbergmann\Documents\Visual Studio 2013\Projects\RiotSharp-2.2.1\RiotSharp\RiotApi.cs:Zeile 676.
--- Ende der Stapelüberwachung vom vorhergehenden Ort, an dem die Ausnahme ausgelöst wurde ---
   bei System.Runtime.CompilerServices.TaskAwaiter.ThrowForNonSuccess(Task task)
   bei System.Runtime.CompilerServices.TaskAwaiter.HandleNonSuccessAndDebuggerNotification(Task task)
   bei System.Runtime.CompilerServices.TaskAwaiter`1.GetResult()
   bei GameRating.Analyser.<getAnalysedMatchHistory>d__b.MoveNext() in c:\Users\jbergmann\Documents\Visual Studio 2013\Projects\RiotSharp-2.2.1\GameRating\Analyser.cs:Zeile 37.
--- Ende der Stapelüberwachung vom vorhergehenden Ort, an dem die Ausnahme ausgelöst wurde ---
   bei System.Runtime.CompilerServices.TaskAwaiter.ThrowForNonSuccess(Task task)
   bei System.Runtime.CompilerServices.TaskAwaiter.HandleNonSuccessAndDebuggerNotification(Task task)
   bei System.Runtime.CompilerServices.TaskAwaiter`1.GetResult()
   bei GameRating.MainWindow.<load>d__0.MoveNext() in c:\Users\jbergmann\Documents\Visual Studio 2013\Projects\RiotSharp-2.2.1\GameRating\MainWindow.xaml.cs:Zeile 83.
28.05.2015 14:43:19|Error:    bei System.Runtime.CompilerServices.TaskAwaiter.ThrowForNonSuccess(Task task)
   bei System.Runtime.CompilerServices.TaskAwaiter.HandleNonSuccessAndDebuggerNotification(Task task)
   bei System.Runtime.CompilerServices.TaskAwaiter.GetResult()
   bei GameRating.Analyser.<getAnalysedMatchHistory>d__b.MoveNext() in c:\Users\jbergmann\Documents\Visual Studio 2013\Projects\RiotSharp-2.2.1\GameRating\Analyser.cs:Zeile 36.
--- Ende der Stapelüberwachung vom vorhergehenden Ort, an dem die Ausnahme ausgelöst wurde ---
   bei System.Runtime.ExceptionServices.ExceptionDispatchInfo.Throw()
   bei System.Runtime.CompilerServices.TaskAwaiter.ThrowForNonSuccess(Task task)
   bei System.Runtime.CompilerServices.TaskAwaiter.HandleNonSuccessAndDebuggerNotification(Task task)
   bei System.Runtime.CompilerServices.TaskAwaiter`1.GetResult()
   bei GameRating.MainWindow.<load>d__0.MoveNext() in c:\Users\jbergmann\Documents\Visual Studio 2013\Projects\RiotSharp-2.2.1\GameRating\MainWindow.xaml.cs:Zeile 83.
28.05.2015 14:44:01|Error:    bei System.Threading.Tasks.Task.Start(TaskScheduler scheduler)
   bei System.Threading.Tasks.Task.Start()
   bei GameRating.Analyser.<getAnalysedMatchHistory>d__b.MoveNext() in c:\Users\jbergmann\Documents\Visual Studio 2013\Projects\RiotSharp-2.2.1\GameRating\Analyser.cs:Zeile 37.
--- Ende der Stapelüberwachung vom vorhergehenden Ort, an dem die Ausnahme ausgelöst wurde ---
   bei System.Runtime.CompilerServices.TaskAwaiter.ThrowForNonSuccess(Task task)
   bei System.Runtime.CompilerServices.TaskAwaiter.HandleNonSuccessAndDebuggerNotification(Task task)
   bei System.Runtime.CompilerServices.TaskAwaiter`1.GetResult()
   bei GameRating.MainWindow.<load>d__0.MoveNext() in c:\Users\jbergmann\Documents\Visual Studio 2013\Projects\RiotSharp-2.2.1\GameRating\MainWindow.xaml.cs:Zeile 83.
28.05.2015 14:45:25|Error:    bei System.Threading.Tasks.Task.Start(TaskScheduler scheduler)
   bei System.Threading.Tasks.Task.Start()
   bei GameRating.Analyser.<getAnalysedMatchHistory>d__b.MoveNext() in c:\Users\jbergmann\Documents\Visual Studio 2013\Projects\RiotSharp-2.2.1\GameRating\Analyser.cs:Zeile 37.
--- Ende der Stapelüberwachung vom vorhergehenden Ort, an dem die Ausnahme ausgelöst wurde ---
   bei System.Runtime.CompilerServices.TaskAwaiter.ThrowForNonSuccess(Task task)
   bei System.Runtime.CompilerServices.TaskAwaiter.HandleNonSuccessAndDebuggerNotification(Task task)
   bei System.Runtime.CompilerServices.TaskAwaiter`1.GetResult()
   bei GameRating.MainWindow.<load>d__0.MoveNext() in c:\Users\jbergmann\Documents\Visual Studio 2013\Projects\RiotSharp-2.2.1\GameRating\MainWindow.xaml.cs:Zeile 83.
"Start" kann nicht für eine Aufgabe aufgerufen werden, die bereits gestartet wurde.
28.05.2015 14:45:52|Error: 429, Rate Limit Exceeded
28.05.2015 14:46:25|Error: 
28.05.2015 14:46:27|Error:    bei RiotSharp.Requester.GetResponse(HttpWebRequest request, Int32 errorCount) in c:\Users\jbergmann\Documents\Visual Studio 2013\Projects\RiotSharp-2.2.1\RiotSharp\Requester.cs:Zeile 64.
   bei RiotSharp.Requester.GetResponse(HttpWebRequest request, Int32 errorCount) in c:\Users\jbergmann\Documents\Visual Studio 2013\Projects\RiotSharp-2.2.1\RiotSharp\Requester.cs:Zeile 87.
   bei RiotSharp.RateLimitedRequester.CreateRequest(String relativeUrl, Region region, List`1 addedArguments, Boolean useHttps) in c:\Users\jbergmann\Documents\Visual Studio 2013\Projects\RiotSharp-2.2.1\RiotSharp\RateLimitedRequester.cs:Zeile 42.
   bei RiotSharp.RiotApi.GetMatch(Region region, Int64 matchId, Boolean includeTimeline) in c:\Users\jbergmann\Documents\Visual Studio 2013\Projects\RiotSharp-2.2.1\RiotSharp\RiotApi.cs:Zeile 660.
   bei GameRating.Analyser.<>c__DisplayClass6.<getAnalysedMatchHistory>b__0() in c:\Users\jbergmann\Documents\Visual Studio 2013\Projects\RiotSharp-2.2.1\GameRating\Analyser.cs:Zeile 35.
   bei System.Threading.Tasks.Task`1.InnerInvoke()
   bei System.Threading.Tasks.Task.Execute()
--- Ende der Stapelüberwachung vom vorhergehenden Ort, an dem die Ausnahme ausgelöst wurde ---
   bei System.Runtime.CompilerServices.TaskAwaiter.ThrowForNonSuccess(Task task)
   bei System.Runtime.CompilerServices.TaskAwaiter.HandleNonSuccessAndDebuggerNotification(Task task)
   bei System.Runtime.CompilerServices.TaskAwaiter`1.GetResult()
   bei GameRating.Analyser.<getAnalysedMatchHistory>d__b.MoveNext() in c:\Users\jbergmann\Documents\Visual Studio 2013\Projects\RiotSharp-2.2.1\GameRating\Analyser.cs:Zeile 37.
--- Ende der Stapelüberwachung vom vorhergehenden Ort, an dem die Ausnahme ausgelöst wurde ---
   bei System.Runtime.CompilerServices.TaskAwaiter.ThrowForNonSuccess(Task task)
   bei System.Runtime.CompilerServices.TaskAwaiter.HandleNonSuccessAndDebuggerNotification(Task task)
   bei System.Runtime.CompilerServices.TaskAwaiter`1.GetResult()
   bei GameRating.MainWindow.<load>d__0.MoveNext() in c:\Users\jbergmann\Documents\Visual Studio 2013\Projects\RiotSharp-2.2.1\GameRating\MainWindow.xaml.cs:Zeile 83.
429, Rate Limit Exceeded
28.05.2015 14:46:40|Error: 429, Rate Limit Exceeded
28.05.2015 14:47:29|Error: 
28.05.2015 14:47:36|Error:    bei RiotSharp.Requester.GetResponse(HttpWebRequest request, Int32 errorCount) in c:\Users\jbergmann\Documents\Visual Studio 2013\Projects\RiotSharp-2.2.1\RiotSharp\Requester.cs:Zeile 64.
   bei RiotSharp.Requester.GetResponse(HttpWebRequest request, Int32 errorCount) in c:\Users\jbergmann\Documents\Visual Studio 2013\Projects\RiotSharp-2.2.1\RiotSharp\Requester.cs:Zeile 87.
   bei RiotSharp.RateLimitedRequester.CreateRequest(String relativeUrl, Region region, List`1 addedArguments, Boolean useHttps) in c:\Users\jbergmann\Documents\Visual Studio 2013\Projects\RiotSharp-2.2.1\RiotSharp\RateLimitedRequester.cs:Zeile 42.
   bei RiotSharp.RiotApi.GetMatch(Region region, Int64 matchId, Boolean includeTimeline) in c:\Users\jbergmann\Documents\Visual Studio 2013\Projects\RiotSharp-2.2.1\RiotSharp\RiotApi.cs:Zeile 660.
   bei GameRating.Analyser.<>c__DisplayClass6.<getAnalysedMatchHistory>b__0() in c:\Users\jbergmann\Documents\Visual Studio 2013\Projects\RiotSharp-2.2.1\GameRating\Analyser.cs:Zeile 35.
   bei System.Threading.Tasks.Task`1.InnerInvoke()
   bei System.Threading.Tasks.Task.Execute()
--- Ende der Stapelüberwachung vom vorhergehenden Ort, an dem die Ausnahme ausgelöst wurde ---
   bei System.Runtime.CompilerServices.TaskAwaiter.ThrowForNonSuccess(Task task)
   bei System.Runtime.CompilerServices.TaskAwaiter.HandleNonSuccessAndDebuggerNotification(Task task)
   bei System.Runtime.CompilerServices.TaskAwaiter`1.GetResult()
   bei GameRating.Analyser.<getAnalysedMatchHistory>d__b.MoveNext() in c:\Users\jbergmann\Documents\Visual Studio 2013\Projects\RiotSharp-2.2.1\GameRating\Analyser.cs:Zeile 37.
--- Ende der Stapelüberwachung vom vorhergehenden Ort, an dem die Ausnahme ausgelöst wurde ---
   bei System.Runtime.CompilerServices.TaskAwaiter.ThrowForNonSuccess(Task task)
   bei System.Runtime.CompilerServices.TaskAwaiter.HandleNonSuccessAndDebuggerNotification(Task task)
   bei System.Runtime.CompilerServices.TaskAwaiter`1.GetResult()
   bei GameRating.MainWindow.<load>d__0.MoveNext() in c:\Users\jbergmann\Documents\Visual Studio 2013\Projects\RiotSharp-2.2.1\GameRating\MainWindow.xaml.cs:Zeile 83.
429, Rate Limit Exceeded
28.05.2015 14:49:30|Error: 429, Rate Limit Exceeded
28.05.2015 14:49:45|Error: 
Mindestens ein Fehler ist aufgetreten.
28.05.2015 14:49:52|Error:    bei RiotSharp.Requester.GetResponse(HttpWebRequest request, Int32 errorCount) in c:\Users\jbergmann\Documents\Visual Studio 2013\Projects\RiotSharp-2.2.1\RiotSharp\Requester.cs:Zeile 64.
   bei RiotSharp.Requester.GetResponse(HttpWebRequest request, Int32 errorCount) in c:\Users\jbergmann\Documents\Visual Studio 2013\Projects\RiotSharp-2.2.1\RiotSharp\Requester.cs:Zeile 87.
   bei RiotSharp.RateLimitedRequester.CreateRequest(String relativeUrl, Region region, List`1 addedArguments, Boolean useHttps) in c:\Users\jbergmann\Documents\Visual Studio 2013\Projects\RiotSharp-2.2.1\RiotSharp\RateLimitedRequester.cs:Zeile 42.
   bei RiotSharp.RiotApi.GetMatch(Region region, Int64 matchId, Boolean includeTimeline) in c:\Users\jbergmann\Documents\Visual Studio 2013\Projects\RiotSharp-2.2.1\RiotSharp\RiotApi.cs:Zeile 660.
   bei GameRating.Analyser.<>c__DisplayClass6.<getAnalysedMatchHistory>b__0() in c:\Users\jbergmann\Documents\Visual Studio 2013\Projects\RiotSharp-2.2.1\GameRating\Analyser.cs:Zeile 35.
   bei System.Threading.Tasks.Task`1.InnerInvoke()
   bei System.Threading.Tasks.Task.Execute()
--- Ende der Stapelüberwachung vom vorhergehenden Ort, an dem die Ausnahme ausgelöst wurde ---
   bei System.Runtime.CompilerServices.TaskAwaiter.ThrowForNonSuccess(Task task)
   bei System.Runtime.CompilerServices.TaskAwaiter.HandleNonSuccessAndDebuggerNotification(Task task)
   bei System.Runtime.CompilerServices.TaskAwaiter`1.GetResult()
   bei GameRating.Analyser.<getAnalysedMatchHistory>d__b.MoveNext() in c:\Users\jbergmann\Documents\Visual Studio 2013\Projects\RiotSharp-2.2.1\GameRating\Analyser.cs:Zeile 37.
--- Ende der Stapelüberwachung vom vorhergehenden Ort, an dem die Ausnahme ausgelöst wurde ---
   bei System.Runtime.CompilerServices.TaskAwaiter.ThrowForNonSuccess(Task task)
   bei System.Runtime.CompilerServices.TaskAwaiter.HandleNonSuccessAndDebuggerNotification(Task task)
   bei System.Runtime.CompilerServices.TaskAwaiter`1.GetResult()
   bei GameRating.MainWindow.<load>d__0.MoveNext() in c:\Users\jbergmann\Documents\Visual Studio 2013\Projects\RiotSharp-2.2.1\GameRating\MainWindow.xaml.cs:Zeile 83.
429, Rate Limit Exceeded
28.05.2015 14:50:52|Error: 429, Rate Limit Exceeded
28.05.2015 14:52:22|Error: 429, Rate Limit Exceeded
28.05.2015 14:52:30|Error: 
Mindestens ein Fehler ist aufgetreten.
28.05.2015 14:52:35|Error:    bei RiotSharp.Requester.GetResponse(HttpWebRequest request, Int32 errorCount) in c:\Users\jbergmann\Documents\Visual Studio 2013\Projects\RiotSharp-2.2.1\RiotSharp\Requester.cs:Zeile 64.
   bei RiotSharp.Requester.GetResponse(HttpWebRequest request, Int32 errorCount) in c:\Users\jbergmann\Documents\Visual Studio 2013\Projects\RiotSharp-2.2.1\RiotSharp\Requester.cs:Zeile 87.
   bei RiotSharp.RateLimitedRequester.CreateRequest(String relativeUrl, Region region, List`1 addedArguments, Boolean useHttps) in c:\Users\jbergmann\Documents\Visual Studio 2013\Projects\RiotSharp-2.2.1\RiotSharp\RateLimitedRequester.cs:Zeile 42.
   bei RiotSharp.RiotApi.GetMatch(Region region, Int64 matchId, Boolean includeTimeline) in c:\Users\jbergmann\Documents\Visual Studio 2013\Projects\RiotSharp-2.2.1\RiotSharp\RiotApi.cs:Zeile 660.
   bei GameRating.Analyser.<>c__DisplayClass6.<getAnalysedMatchHistory>b__0() in c:\Users\jbergmann\Documents\Visual Studio 2013\Projects\RiotSharp-2.2.1\GameRating\Analyser.cs:Zeile 35.
   bei System.Threading.Tasks.Task`1.InnerInvoke()
   bei System.Threading.Tasks.Task.Execute()
--- Ende der Stapelüberwachung vom vorhergehenden Ort, an dem die Ausnahme ausgelöst wurde ---
   bei System.Runtime.CompilerServices.TaskAwaiter.ThrowForNonSuccess(Task task)
   bei System.Runtime.CompilerServices.TaskAwaiter.HandleNonSuccessAndDebuggerNotification(Task task)
   bei System.Runtime.CompilerServices.TaskAwaiter`1.GetResult()
   bei GameRating.Analyser.<getAnalysedMatchHistory>d__b.MoveNext() in c:\Users\jbergmann\Documents\Visual Studio 2013\Projects\RiotSharp-2.2.1\GameRating\Analyser.cs:Zeile 37.
--- Ende der Stapelüberwachung vom vorhergehenden Ort, an dem die Ausnahme ausgelöst wurde ---
   bei System.Runtime.CompilerServices.TaskAwaiter.ThrowForNonSuccess(Task task)
   bei System.Runtime.CompilerServices.TaskAwaiter.HandleNonSuccessAndDebuggerNotification(Task task)
   bei System.Runtime.CompilerServices.TaskAwaiter`1.GetResult()
   bei GameRating.MainWindow.<load>d__0.MoveNext() in c:\Users\jbergmann\Documents\Visual Studio 2013\Projects\RiotSharp-2.2.1\GameRating\MainWindow.xaml.cs:Zeile 83.
429, Rate Limit Exceeded
28.05.2015 14:57:19|Error: 429, Rate Limit Exceeded
28.05.2015 14:57:24|Error:    bei RiotSharp.Requester.GetResponse(HttpWebRequest request, Int32 errorCount) in c:\Users\jbergmann\Documents\Visual Studio 2013\Projects\RiotSharp-2.2.1\RiotSharp\Requester.cs:Zeile 64.
   bei RiotSharp.Requester.GetResponse(HttpWebRequest request, Int32 errorCount) in c:\Users\jbergmann\Documents\Visual Studio 2013\Projects\RiotSharp-2.2.1\RiotSharp\Requester.cs:Zeile 87.
   bei RiotSharp.RateLimitedRequester.CreateRequest(String relativeUrl, Region region, List`1 addedArguments, Boolean useHttps) in c:\Users\jbergmann\Documents\Visual Studio 2013\Projects\RiotSharp-2.2.1\RiotSharp\RateLimitedRequester.cs:Zeile 42.
   bei RiotSharp.RiotApi.GetMatch(Region region, Int64 matchId, Boolean includeTimeline) in c:\Users\jbergmann\Documents\Visual Studio 2013\Projects\RiotSharp-2.2.1\RiotSharp\RiotApi.cs:Zeile 660.
   bei GameRating.Analyser.<>c__DisplayClass6.<getAnalysedMatchHistory>b__0() in c:\Users\jbergmann\Documents\Visual Studio 2013\Projects\RiotSharp-2.2.1\GameRating\Analyser.cs:Zeile 35.
   bei System.Threading.Tasks.Task`1.InnerInvoke()
   bei System.Threading.Tasks.Task.Execute()
--- Ende der Stapelüberwachung vom vorhergehenden Ort, an dem die Ausnahme ausgelöst wurde ---
   bei System.Runtime.CompilerServices.TaskAwaiter.ThrowForNonSuccess(Task task)
   bei System.Runtime.CompilerServices.TaskAwaiter.HandleNonSuccessAndDebuggerNotification(Task task)
   bei System.Runtime.CompilerServices.TaskAwaiter`1.GetResult()
   bei GameRating.Analyser.<getAnalysedMatchHistory>d__b.MoveNext() in c:\Users\jbergmann\Documents\Visual Studio 2013\Projects\RiotSharp-2.2.1\GameRating\Analyser.cs:Zeile 36.
--- Ende der Stapelüberwachung vom vorhergehenden Ort, an dem die Ausnahme ausgelöst wurde ---
   bei System.Runtime.CompilerServices.TaskAwaiter.ThrowForNonSuccess(Task task)
   bei System.Runtime.CompilerServices.TaskAwaiter.HandleNonSuccessAndDebuggerNotification(Task task)
   bei System.Runtime.CompilerServices.TaskAwaiter`1.GetResult()
   bei GameRating.MainWindow.<load>d__0.MoveNext() in c:\Users\jbergmann\Documents\Visual Studio 2013\Projects\RiotSharp-2.2.1\GameRating\MainWindow.xaml.cs:Zeile 83.
429, Rate Limit Exceeded
28.05.2015 15:08:26|Error: Error while loading summoner info
28.05.2015 15:08:28|Error:    bei GameRating.Analyser.<getAnalysedMatchHistory>d__a.MoveNext() in c:\Users\jbergmann\Documents\Visual Studio 2013\Projects\RiotSharp-2.2.1\GameRating\Analyser.cs:Zeile 36.
--- Ende der Stapelüberwachung vom vorhergehenden Ort, an dem die Ausnahme ausgelöst wurde ---
   bei System.Runtime.CompilerServices.TaskAwaiter.ThrowForNonSuccess(Task task)
   bei System.Runtime.CompilerServices.TaskAwaiter.HandleNonSuccessAndDebuggerNotification(Task task)
   bei System.Runtime.CompilerServices.TaskAwaiter`1.GetResult()
   bei GameRating.MainWindow.<load>d__0.MoveNext() in c:\Users\jbergmann\Documents\Visual Studio 2013\Projects\RiotSharp-2.2.1\GameRating\MainWindow.xaml.cs:Zeile 83.
404, Resource not found
28.05.2015 15:11:28|Error: Error while loading summoner info
28.05.2015 15:58:10|Error: 429, Rate Limit Exceeded
28.05.2015 15:58:13|Error: Couldn't get match details:
20.05.2015 17:52:10
28.05.2015 16:03:44|Error: 429, Rate Limit Exceeded
28.05.2015 16:03:49|Error: Couldn't get match details:
20.05.2015 17:52:10
28.05.2015 16:11:46|Error: 429, Rate Limit Exceeded
28.05.2015 16:13:19|Error: 429, Rate Limit Exceeded
28.05.2015 16:14:38|Info: request
28.05.2015 16:14:38|Info: request
28.05.2015 16:15:18|Info: request
28.05.2015 16:15:18|Info: request
28.05.2015 16:15:19|Info: request
28.05.2015 16:15:19|Info: request
28.05.2015 16:15:20|Info: request
28.05.2015 16:15:20|Info: request
28.05.2015 16:15:20|Info: request
28.05.2015 16:15:20|Info: request
28.05.2015 16:15:21|Info: request
28.05.2015 16:15:21|Info: request
28.05.2015 16:15:21|Info: request
28.05.2015 16:15:22|Info: request
28.05.2015 16:15:28|Info: request
28.05.2015 16:15:29|Info: request
28.05.2015 16:15:29|Info: request
28.05.2015 16:15:29|Info: request
28.05.2015 16:15:30|Info: request
28.05.2015 16:15:30|Info: request
28.05.2015 16:15:30|Info: request
28.05.2015 16:15:30|Info: request
28.05.2015 16:15:31|Info: request
28.05.2015 16:15:31|Info: request
28.05.2015 16:16:59|Info: request
28.05.2015 16:17:00|Info: request
28.05.2015 16:17:00|Info: request
28.05.2015 16:17:01|Info: request
28.05.2015 16:17:01|Info: request
28.05.2015 16:17:02|Info: request
28.05.2015 16:17:02|Info: request
28.05.2015 16:17:02|Info: request
28.05.2015 16:17:02|Info: request
28.05.2015 16:17:03|Info: request
28.05.2015 16:17:03|Info: request
28.05.2015 16:17:03|Info: request
28.05.2015 16:17:10|Info: request
28.05.2015 16:17:10|Info: request
28.05.2015 16:17:10|Info: request
28.05.2015 16:17:11|Info: request
28.05.2015 16:17:11|Info: request
28.05.2015 16:17:11|Info: request
28.05.2015 16:17:12|Info: request
28.05.2015 16:17:12|Info: request
28.05.2015 16:17:12|Info: request
28.05.2015 16:17:12|Info: request
28.05.2015 16:17:46|Info: request
28.05.2015 16:17:46|Info: request
28.05.2015 16:17:46|Info: request
28.05.2015 16:17:47|Info: request
28.05.2015 16:17:47|Info: request
28.05.2015 16:17:47|Info: request
28.05.2015 16:17:47|Info: request
28.05.2015 16:17:48|Info: request
28.05.2015 16:17:48|Info: request
28.05.2015 16:17:59|Info: request
28.05.2015 16:17:59|Info: request
28.05.2015 16:17:59|Info: request
28.05.2015 16:18:00|Info: request
28.05.2015 16:18:00|Info: request
28.05.2015 16:18:00|Info: request
28.05.2015 16:18:00|Info: request
28.05.2015 16:18:01|Info: request
28.05.2015 16:19:19|Info: request
28.05.2015 16:19:20|Info: request
28.05.2015 16:19:20|Info: request
28.05.2015 16:19:21|Info: request
28.05.2015 16:19:21|Info: request
28.05.2015 16:19:22|Info: request
28.05.2015 16:19:22|Info: request
28.05.2015 16:19:22|Info: request
28.05.2015 16:19:22|Info: request
28.05.2015 16:19:23|Info: request
28.05.2015 16:19:23|Info: request
28.05.2015 16:19:23|Info: request
28.05.2015 16:19:24|Info: request
28.05.2015 16:19:31|Error: 429, Rate Limit Exceeded
28.05.2015 16:21:23|Info: request
28.05.2015 16:21:24|Info: request
28.05.2015 16:21:24|Info: request
28.05.2015 16:21:25|Info: request
28.05.2015 16:21:25|Info: request
28.05.2015 16:21:26|Info: request
28.05.2015 16:21:26|Info: request
28.05.2015 16:21:26|Info: request
28.05.2015 16:21:26|Info: request
28.05.2015 16:21:27|Info: request
28.05.2015 16:21:27|Info: request
28.05.2015 16:21:27|Info: request
28.05.2015 16:21:27|Info: request
28.05.2015 16:21:36|Error: 429, Rate Limit Exceeded
28.05.2015 16:22:22|Info: request
28.05.2015 16:22:23|Info: request
28.05.2015 16:22:23|Info: request
28.05.2015 16:22:24|Info: request
28.05.2015 16:22:24|Info: request
28.05.2015 16:22:24|Info: request
28.05.2015 16:22:25|Info: request
28.05.2015 16:22:25|Info: request
28.05.2015 16:22:25|Info: request
28.05.2015 16:22:26|Info: request
28.05.2015 16:22:26|Info: request
28.05.2015 16:22:26|Info: request
28.05.2015 16:22:26|Info: request
28.05.2015 16:22:42|Error: 429, Rate Limit Exceeded
28.05.2015 16:23:32|Error: Couldn't get match details:
20.05.2015 17:52:10
28.05.2015 16:23:44|Info: request
28.05.2015 16:23:44|Info: request
28.05.2015 16:23:45|Info: request
28.05.2015 16:23:46|Info: request
28.05.2015 16:23:46|Info: request
28.05.2015 16:23:47|Info: request
28.05.2015 16:23:47|Info: request
28.05.2015 16:23:48|Info: request
28.05.2015 16:23:51|Info: request
28.05.2015 16:23:51|Info: request
28.05.2015 16:23:52|Info: request
28.05.2015 16:23:53|Info: request
28.05.2015 16:23:53|Info: request
28.05.2015 16:23:54|Info: request
28.05.2015 16:23:54|Info: request
28.05.2015 16:23:55|Info: request
28.05.2015 16:23:56|Info: request
28.05.2015 16:23:57|Info: request
28.05.2015 16:23:57|Info: request
28.05.2015 16:23:58|Info: request
28.05.2015 16:23:58|Info: request
28.05.2015 16:23:59|Info: request
28.05.2015 16:24:00|Info: request
28.05.2015 16:24:01|Info: request
28.05.2015 16:24:04|Info: request
28.05.2015 16:24:16|Info: request
28.05.2015 16:24:16|Info: request
28.05.2015 16:24:17|Info: request
28.05.2015 16:24:17|Info: request
28.05.2015 16:24:18|Info: request
28.05.2015 16:24:18|Info: request
28.05.2015 16:24:19|Info: request
28.05.2015 16:24:19|Info: request
28.05.2015 16:24:19|Info: request
28.05.2015 16:24:20|Info: request
28.05.2015 16:24:20|Info: request
28.05.2015 16:24:20|Info: request
28.05.2015 16:26:05|Error:    bei System.Collections.Generic.Dictionary`2.get_Item(TKey key)
   bei RiotSharp.RateLimitedRequester.handleLast10S(Region region) in c:\Users\jbergmann\Documents\Visual Studio 2013\Projects\RiotSharp-2.2.1\RiotSharp\RateLimitedRequester.cs:Zeile 107.
   bei RiotSharp.RateLimitedRequester.HandleRateLimit(Region region) in c:\Users\jbergmann\Documents\Visual Studio 2013\Projects\RiotSharp-2.2.1\RiotSharp\RateLimitedRequester.cs:Zeile 63.
   bei RiotSharp.RateLimitedRequester.<CreateRequestAsync>d__0.MoveNext() in c:\Users\jbergmann\Documents\Visual Studio 2013\Projects\RiotSharp-2.2.1\RiotSharp\RateLimitedRequester.cs:Zeile 53.
--- Ende der Stapelüberwachung vom vorhergehenden Ort, an dem die Ausnahme ausgelöst wurde ---
   bei System.Runtime.CompilerServices.TaskAwaiter.ThrowForNonSuccess(Task task)
   bei System.Runtime.CompilerServices.TaskAwaiter.HandleNonSuccessAndDebuggerNotification(Task task)
   bei System.Runtime.CompilerServices.TaskAwaiter`1.GetResult()
   bei RiotSharp.RiotApi.<GetSummonerAsync>d__13.MoveNext() in c:\Users\jbergmann\Documents\Visual Studio 2013\Projects\RiotSharp-2.2.1\RiotSharp\RiotApi.cs:Zeile 191.
--- Ende der Stapelüberwachung vom vorhergehenden Ort, an dem die Ausnahme ausgelöst wurde ---
   bei System.Runtime.CompilerServices.TaskAwaiter.ThrowForNonSuccess(Task task)
   bei System.Runtime.CompilerServices.TaskAwaiter.HandleNonSuccessAndDebuggerNotification(Task task)
   bei System.Runtime.CompilerServices.TaskAwaiter`1.GetResult()
   bei GameRating.Analyser.<getAnalysedMatchHistory>d__a.MoveNext() in c:\Users\jbergmann\Documents\Visual Studio 2013\Projects\RiotSharp-2.2.1\GameRating\Analyser.cs:Zeile 31.
--- Ende der Stapelüberwachung vom vorhergehenden Ort, an dem die Ausnahme ausgelöst wurde ---
   bei System.Runtime.CompilerServices.TaskAwaiter.ThrowForNonSuccess(Task task)
   bei System.Runtime.CompilerServices.TaskAwaiter.HandleNonSuccessAndDebuggerNotification(Task task)
   bei System.Runtime.CompilerServices.TaskAwaiter`1.GetResult()
   bei GameRating.MainWindow.<load>d__0.MoveNext() in c:\Users\jbergmann\Documents\Visual Studio 2013\Projects\RiotSharp-2.2.1\GameRating\MainWindow.xaml.cs:Zeile 83.
Der angegebene Schlüssel war nicht im Wörterbuch angegeben.
28.05.2015 16:26:51|Error:    bei System.Collections.Generic.Dictionary`2.get_Item(TKey key)
   bei RiotSharp.RateLimitedRequester.handleLast10S(Region region) in c:\Users\jbergmann\Documents\Visual Studio 2013\Projects\RiotSharp-2.2.1\RiotSharp\RateLimitedRequester.cs:Zeile 107.
   bei RiotSharp.RateLimitedRequester.HandleRateLimit(Region region) in c:\Users\jbergmann\Documents\Visual Studio 2013\Projects\RiotSharp-2.2.1\RiotSharp\RateLimitedRequester.cs:Zeile 63.
   bei RiotSharp.RateLimitedRequester.<CreateRequestAsync>d__0.MoveNext() in c:\Users\jbergmann\Documents\Visual Studio 2013\Projects\RiotSharp-2.2.1\RiotSharp\RateLimitedRequester.cs:Zeile 53.
--- Ende der Stapelüberwachung vom vorhergehenden Ort, an dem die Ausnahme ausgelöst wurde ---
   bei System.Runtime.CompilerServices.TaskAwaiter.ThrowForNonSuccess(Task task)
   bei System.Runtime.CompilerServices.TaskAwaiter.HandleNonSuccessAndDebuggerNotification(Task task)
   bei System.Runtime.CompilerServices.TaskAwaiter`1.GetResult()
   bei RiotSharp.RiotApi.<GetSummonerAsync>d__13.MoveNext() in c:\Users\jbergmann\Documents\Visual Studio 2013\Projects\RiotSharp-2.2.1\RiotSharp\RiotApi.cs:Zeile 191.
--- Ende der Stapelüberwachung vom vorhergehenden Ort, an dem die Ausnahme ausgelöst wurde ---
   bei System.Runtime.CompilerServices.TaskAwaiter.ThrowForNonSuccess(Task task)
   bei System.Runtime.CompilerServices.TaskAwaiter.HandleNonSuccessAndDebuggerNotification(Task task)
   bei System.Runtime.CompilerServices.TaskAwaiter`1.GetResult()
   bei GameRating.Analyser.<getAnalysedMatchHistory>d__a.MoveNext() in c:\Users\jbergmann\Documents\Visual Studio 2013\Projects\RiotSharp-2.2.1\GameRating\Analyser.cs:Zeile 31.
--- Ende der Stapelüberwachung vom vorhergehenden Ort, an dem die Ausnahme ausgelöst wurde ---
   bei System.Runtime.CompilerServices.TaskAwaiter.ThrowForNonSuccess(Task task)
   bei System.Runtime.CompilerServices.TaskAwaiter.HandleNonSuccessAndDebuggerNotification(Task task)
   bei System.Runtime.CompilerServices.TaskAwaiter`1.GetResult()
   bei GameRating.MainWindow.<load>d__0.MoveNext() in c:\Users\jbergmann\Documents\Visual Studio 2013\Projects\RiotSharp-2.2.1\GameRating\MainWindow.xaml.cs:Zeile 83.
Der angegebene Schlüssel war nicht im Wörterbuch angegeben.
28.05.2015 16:29:18|Info: request
28.05.2015 16:29:19|Info: request
28.05.2015 16:29:19|Info: request
28.05.2015 16:29:20|Info: request
28.05.2015 16:29:20|Info: request
28.05.2015 16:29:21|Info: request
28.05.2015 16:29:21|Info: request
28.05.2015 16:29:21|Info: request
28.05.2015 16:29:22|Info: request
28.05.2015 16:29:22|Info: request
28.05.2015 16:29:22|Info: request
28.05.2015 16:29:23|Info: request
28.05.2015 16:29:23|Info: request
28.05.2015 16:29:28|Error: 429, Rate Limit Exceeded
28.05.2015 16:30:03|Info: request
28.05.2015 16:30:03|Info: request
28.05.2015 16:30:03|Info: request
28.05.2015 16:30:04|Info: request
28.05.2015 16:30:05|Info: request
28.05.2015 16:30:05|Info: request
28.05.2015 16:30:05|Info: request
28.05.2015 16:30:05|Info: request
28.05.2015 16:30:06|Info: request
28.05.2015 16:30:06|Info: request
28.05.2015 16:30:06|Info: request
28.05.2015 16:30:07|Info: request
28.05.2015 16:30:07|Info: request
28.05.2015 16:31:43|Info: request
28.05.2015 16:31:44|Info: request
28.05.2015 16:31:44|Info: request
28.05.2015 16:31:45|Info: request
28.05.2015 16:31:45|Info: request
28.05.2015 16:31:46|Info: request
28.05.2015 16:31:46|Info: request
28.05.2015 16:31:46|Info: request
28.05.2015 16:31:47|Info: request
28.05.2015 16:31:47|Info: request
28.05.2015 16:31:47|Info: request
28.05.2015 16:31:47|Info: request
28.05.2015 16:31:51|Info: request
28.05.2015 16:31:56|Error: 429, Rate Limit Exceeded
28.05.2015 16:33:27|Info: request
28.05.2015 16:33:28|Info: request
28.05.2015 16:33:28|Info: request
28.05.2015 16:33:29|Info: request
28.05.2015 16:33:29|Info: request
28.05.2015 16:33:29|Info: request
28.05.2015 16:33:30|Info: request
28.05.2015 16:33:30|Info: request
28.05.2015 16:33:30|Info: request
28.05.2015 16:33:30|Info: request
28.05.2015 16:33:31|Info: request
28.05.2015 16:33:31|Info: request
28.05.2015 16:35:26|Info: request
28.05.2015 16:35:27|Info: request
28.05.2015 16:35:28|Info: request
28.05.2015 16:35:29|Info: request
28.05.2015 16:35:29|Info: request
28.05.2015 16:35:29|Info: request
28.05.2015 16:35:29|Info: request
28.05.2015 16:35:30|Info: request
28.05.2015 16:35:30|Info: request
28.05.2015 16:35:30|Info: request
28.05.2015 16:35:31|Info: request
28.05.2015 16:35:31|Info: request
28.05.2015 16:37:16|Info: request
28.05.2015 16:37:19|Info: request
28.05.2015 16:37:19|Info: request
28.05.2015 16:37:19|Info: request
28.05.2015 16:37:20|Info: request
28.05.2015 16:37:20|Info: request
28.05.2015 16:37:21|Info: request
28.05.2015 16:37:21|Info: request
28.05.2015 16:37:21|Info: request
28.05.2015 16:37:21|Info: request
28.05.2015 16:37:22|Info: request
28.05.2015 16:37:22|Info: request
28.05.2015 16:38:03|Info: request
28.05.2015 16:38:04|Info: request
28.05.2015 16:38:04|Info: request
28.05.2015 16:38:04|Info: request
28.05.2015 16:38:05|Info: request
28.05.2015 16:38:05|Info: request
28.05.2015 16:38:05|Info: request
28.05.2015 16:38:06|Info: request
28.05.2015 16:38:06|Info: request
28.05.2015 16:38:06|Info: request
28.05.2015 16:38:10|Info: request
28.05.2015 16:38:10|Info: request
28.05.2015 16:38:27|Info: request
28.05.2015 16:38:27|Info: request
28.05.2015 16:38:27|Info: request
28.05.2015 16:38:27|Info: request
28.05.2015 16:38:28|Info: request
28.05.2015 16:38:28|Info: request
28.05.2015 16:38:28|Info: request
28.05.2015 16:38:28|Info: request
28.05.2015 16:38:29|Info: request
28.05.2015 16:39:05|Info: request
28.05.2015 16:39:08|Info: request
28.05.2015 16:39:08|Info: request
28.05.2015 16:39:09|Info: request
28.05.2015 16:39:10|Info: request
28.05.2015 16:39:10|Info: request
28.05.2015 16:39:10|Info: request
28.05.2015 16:39:10|Info: request
28.05.2015 16:39:11|Info: request
28.05.2015 16:39:11|Info: request
28.05.2015 16:39:11|Info: request
28.05.2015 16:39:11|Info: request
28.05.2015 16:39:15|Info: request
28.05.2015 16:39:16|Info: request
28.05.2015 16:39:18|Info: request
28.05.2015 16:39:21|Info: request
28.05.2015 16:39:21|Error: 429, Rate Limit Exceeded
28.05.2015 16:41:10|Info: request
28.05.2015 16:41:10|Info: request
28.05.2015 16:41:10|Info: request
28.05.2015 16:41:11|Info: request
28.05.2015 16:41:12|Info: request
28.05.2015 16:41:12|Info: request
28.05.2015 16:41:12|Info: request
28.05.2015 16:41:12|Info: request
28.05.2015 16:41:12|Info: request
28.05.2015 16:41:13|Info: request
28.05.2015 16:41:13|Info: request
28.05.2015 16:41:13|Info: request
28.05.2015 16:41:17|Info: request
28.05.2015 16:41:23|Error: 429, Rate Limit Exceeded
28.05.2015 16:44:39|Info: request
28.05.2015 16:44:40|Info: request
28.05.2015 16:44:40|Info: request
28.05.2015 16:44:41|Info: request
28.05.2015 16:44:41|Info: request
28.05.2015 16:44:41|Info: request
28.05.2015 16:44:41|Info: request
28.05.2015 16:44:42|Info: request
28.05.2015 16:44:42|Info: request
28.05.2015 16:44:42|Info: request
28.05.2015 16:44:42|Info: request
28.05.2015 16:44:43|Info: request
28.05.2015 16:44:43|Info: request
28.05.2015 16:44:49|Error: 429, Rate Limit Exceeded
28.05.2015 16:46:12|Info: request permission
28.05.2015 16:46:14|Info: request
28.05.2015 16:46:14|Info: request permission
28.05.2015 16:46:15|Info: request
28.05.2015 16:46:15|Info: request permission
28.05.2015 16:46:15|Info: request
28.05.2015 16:46:16|Info: request
28.05.2015 16:46:16|Info: request permission
28.05.2015 16:46:16|Info: request
28.05.2015 16:46:16|Info: request
28.05.2015 16:46:16|Info: request permission
28.05.2015 16:46:17|Info: request
28.05.2015 16:46:17|Info: request
28.05.2015 16:46:17|Info: request permission
28.05.2015 16:46:17|Info: request
28.05.2015 16:46:17|Info: request permission
28.05.2015 16:46:17|Info: request
28.05.2015 16:46:17|Info: request permission
28.05.2015 16:46:18|Info: request
28.05.2015 16:46:18|Info: request permission
28.05.2015 16:46:18|Info: request
28.05.2015 16:46:22|Info: request permission
28.05.2015 16:46:22|Info: request
28.05.2015 16:46:22|Info: request permission
28.05.2015 16:46:27|Error: 429, Rate Limit Exceeded
28.05.2015 16:49:16|Info: request permission
28.05.2015 16:49:19|Info: request
28.05.2015 16:49:19|Info: request permission
28.05.2015 16:49:19|Info: request
28.05.2015 16:49:19|Info: request permission
28.05.2015 16:49:20|Info: request
28.05.2015 16:49:20|Info: request
28.05.2015 16:49:21|Info: request permission
28.05.2015 16:49:21|Info: request
28.05.2015 16:49:21|Info: request
28.05.2015 16:49:21|Info: request permission
28.05.2015 16:49:22|Info: request
28.05.2015 16:49:22|Info: request
28.05.2015 16:49:22|Info: request permission
28.05.2015 16:49:22|Info: request
28.05.2015 16:49:22|Info: request permission
28.05.2015 16:49:22|Info: request
28.05.2015 16:49:22|Info: request permission
28.05.2015 16:49:23|Info: request
28.05.2015 16:49:23|Info: request permission
28.05.2015 16:49:23|Info: request
28.05.2015 16:49:27|Info: request permission
28.05.2015 16:49:27|Info: request
28.05.2015 16:49:28|Info: request permission
28.05.2015 16:49:33|Error: 429, Rate Limit Exceeded
28.05.2015 16:51:47|Info: request permission
28.05.2015 16:51:50|Info: request
28.05.2015 16:51:50|Info: request permission
28.05.2015 16:51:50|Info: request
28.05.2015 16:51:50|Info: request permission
28.05.2015 16:51:50|Info: request
28.05.2015 16:51:51|Info: request
28.05.2015 16:51:51|Info: request permission
28.05.2015 16:51:51|Info: request
28.05.2015 16:51:52|Info: request
28.05.2015 16:51:52|Info: request permission
28.05.2015 16:51:52|Info: request
28.05.2015 16:51:52|Info: request
28.05.2015 16:51:52|Info: request permission
28.05.2015 16:51:52|Info: request
28.05.2015 16:51:52|Info: request permission
28.05.2015 16:51:53|Info: request
28.05.2015 16:51:53|Info: request permission
28.05.2015 16:51:53|Info: request
28.05.2015 16:51:53|Info: request permission
28.05.2015 16:51:53|Info: request
28.05.2015 16:51:58|Info: request permission
28.05.2015 16:51:58|Info: request
28.05.2015 16:51:58|Info: request permission
28.05.2015 16:52:03|Error: 429, Rate Limit Exceeded
28.05.2015 16:53:03|Info: request permission ASYNC
28.05.2015 16:53:05|Info: requestASYNC
28.05.2015 16:53:05|Info: request permission SYNC
28.05.2015 16:53:06|Info: requestSYNC
28.05.2015 16:53:06|Info: request permission SYNC
28.05.2015 16:53:06|Info: requestSYNC
28.05.2015 16:53:07|Info: requestSYNC
28.05.2015 16:53:07|Info: request permission SYNC
28.05.2015 16:53:07|Info: requestSYNC
28.05.2015 16:53:07|Info: requestSYNC
28.05.2015 16:53:07|Info: request permission SYNC
28.05.2015 16:53:08|Info: requestSYNC
28.05.2015 16:53:08|Info: requestSYNC
28.05.2015 16:53:08|Info: request permission SYNC
28.05.2015 16:53:08|Info: requestSYNC
28.05.2015 16:53:08|Info: request permission SYNC
28.05.2015 16:53:08|Info: requestSYNC
28.05.2015 16:53:08|Info: request permission SYNC
28.05.2015 16:53:09|Info: requestSYNC
28.05.2015 16:53:09|Info: request permission SYNC
28.05.2015 16:53:09|Info: requestSYNC
28.05.2015 16:53:14|Info: request permission SYNC
28.05.2015 16:53:14|Info: requestSYNC
28.05.2015 16:53:14|Info: request permission SYNC
28.05.2015 16:53:19|Error: 429, Rate Limit Exceeded
28.05.2015 16:54:33|Info: request permission ASYNC
28.05.2015 16:54:35|Info: requestASYNC
28.05.2015 16:54:37|Info: request permission SYNC
28.05.2015 16:54:37|Info: requestSYNC
28.05.2015 16:54:52|Info: request permission SYNC
28.05.2015 16:55:02|Info: requestSYNC
28.05.2015 16:55:25|Info: requestSYNC
28.05.2015 16:55:34|Info: request permission SYNC
28.05.2015 16:56:05|Info: requestSYNC
28.05.2015 16:56:55|Info: requestSYNC
28.05.2015 16:57:43|Info: request permission SYNC
28.05.2015 16:58:28|Info: requestSYNC
28.05.2015 16:59:29|Info: requestSYNC
28.05.2015 17:00:03|Info: request permission ASYNC
28.05.2015 17:00:06|Info: requestASYNC
28.05.2015 17:00:10|Info: request permission SYNC
28.05.2015 17:00:17|Info: requestSYNC
28.05.2015 17:00:21|Info: request permission SYNC
28.05.2015 17:00:24|Info: requestSYNC
28.05.2015 17:04:00|Info: requestSYNC
28.05.2015 17:04:00|Info: request permission SYNC
28.05.2015 17:04:01|Info: requestSYNC
28.05.2015 17:04:06|Info: requestSYNC
28.05.2015 17:04:06|Info: request permission SYNC
28.05.2015 17:04:07|Info: requestSYNC
28.05.2015 17:04:07|Info: requestSYNC
28.05.2015 17:04:07|Info: request permission SYNC
28.05.2015 17:04:07|Info: requestSYNC
28.05.2015 17:04:08|Info: request permission SYNC
28.05.2015 17:04:08|Info: requestSYNC
28.05.2015 17:04:08|Info: request permission SYNC
28.05.2015 17:04:08|Info: requestSYNC
28.05.2015 17:04:08|Info: request permission SYNC
28.05.2015 17:04:09|Info: requestSYNC
28.05.2015 17:04:09|Info: request permission SYNC
28.05.2015 17:04:10|Info: requestSYNC
28.05.2015 17:04:10|Info: request permission SYNC
28.05.2015 17:04:10|Info: requestSYNC
28.05.2015 17:04:10|Info: requestSYNC
28.05.2015 17:04:10|Info: request permission SYNC
28.05.2015 17:04:11|Info: requestSYNC
28.05.2015 17:04:11|Info: requestSYNC
28.05.2015 17:04:11|Info: request permission SYNC
28.05.2015 17:04:12|Info: requestSYNC
28.05.2015 17:04:12|Info: request permission SYNC
28.05.2015 17:04:12|Info: requestSYNC
28.05.2015 17:04:12|Info: requestSYNC
28.05.2015 17:04:13|Info: request permission SYNC
28.05.2015 17:04:13|Info: requestSYNC
28.05.2015 17:04:13|Info: request permission SYNC
28.05.2015 17:04:13|Info: requestSYNC
28.05.2015 17:06:33|Info: request permission ASYNC
28.05.2015 17:06:36|Info: requestASYNC
28.05.2015 17:06:39|Info: requestSYNC
28.05.2015 17:06:39|Info: request permission SYNC
28.05.2015 17:06:40|Info: requestSYNC
28.05.2015 17:06:40|Info: request permission SYNC
28.05.2015 17:06:41|Info: requestSYNC
28.05.2015 17:06:41|Info: request permission SYNC
28.05.2015 17:06:42|Info: requestSYNC
28.05.2015 17:06:42|Info: request permission SYNC
28.05.2015 17:06:42|Info: requestSYNC
28.05.2015 17:06:42|Info: request permission SYNC
28.05.2015 17:06:42|Info: requestSYNC
28.05.2015 17:06:42|Info: request permission SYNC
28.05.2015 17:06:43|Info: requestSYNC
28.05.2015 17:06:43|Info: request permission SYNC
28.05.2015 17:06:43|Info: requestSYNC
28.05.2015 17:06:43|Info: request permission SYNC
28.05.2015 17:06:44|Info: requestSYNC
28.05.2015 17:06:44|Info: request permission SYNC
28.05.2015 17:06:44|Info: requestSYNC
28.05.2015 17:06:44|Info: request permission SYNC
28.05.2015 17:06:49|Error: 429, Rate Limit Exceeded
28.05.2015 17:17:52|Info: request permission ASYNC
28.05.2015 17:17:55|Info: requestASYNC
28.05.2015 17:17:55|Info: requestSYNC
28.05.2015 17:17:55|Info: request permission SYNC
28.05.2015 17:17:55|Info: requestSYNC
28.05.2015 17:17:55|Info: request permission SYNC
28.05.2015 17:17:56|Info: requestSYNC
28.05.2015 17:17:56|Info: request permission SYNC
28.05.2015 17:17:57|Info: requestSYNC
28.05.2015 17:17:57|Info: request permission SYNC
28.05.2015 17:17:57|Info: requestSYNC
28.05.2015 17:17:57|Info: request permission SYNC
28.05.2015 17:17:58|Info: requestSYNC
28.05.2015 17:17:58|Info: request permission SYNC
28.05.2015 17:17:58|Info: requestSYNC
28.05.2015 17:17:58|Info: request permission SYNC
28.05.2015 17:17:58|Info: requestSYNC
28.05.2015 17:17:58|Info: request permission SYNC
28.05.2015 17:17:58|Info: requestSYNC
28.05.2015 17:18:03|Info: request permission SYNC
28.05.2015 17:18:03|Info: requestSYNC
28.05.2015 17:18:03|Info: request permission SYNC
28.05.2015 17:18:08|Error: 429, Rate Limit Exceeded
28.05.2015 17:21:26|Info: request permission ASYNC
28.05.2015 17:21:26|Info: request send ASYNC
28.05.2015 17:21:28|Info: request response ASYNC
28.05.2015 17:21:28|Info: requestSYNC
28.05.2015 17:21:28|Info: request permission SYNC
28.05.2015 17:21:29|Info: requestSYNC
28.05.2015 17:21:29|Info: request permission SYNC
28.05.2015 17:21:30|Info: requestSYNC
28.05.2015 17:21:30|Info: request permission SYNC
28.05.2015 17:21:30|Info: requestSYNC
28.05.2015 17:21:30|Info: request permission SYNC
28.05.2015 17:21:31|Info: requestSYNC
28.05.2015 17:21:31|Info: request permission SYNC
28.05.2015 17:21:31|Info: requestSYNC
28.05.2015 17:21:31|Info: request permission SYNC
28.05.2015 17:21:31|Info: requestSYNC
28.05.2015 17:21:31|Info: request permission SYNC
28.05.2015 17:21:32|Info: requestSYNC
28.05.2015 17:21:32|Info: request permission SYNC
28.05.2015 17:21:32|Info: requestSYNC
28.05.2015 17:21:37|Info: request permission SYNC
28.05.2015 17:21:37|Info: requestSYNC
28.05.2015 17:21:37|Info: request permission SYNC
28.05.2015 17:21:42|Error: 429, Rate Limit Exceeded
28.05.2015 17:23:21635684306012123903|Info: request permission ASYNC
28.05.2015 17:23:21635684306012143905|Info: request send ASYNC
28.05.2015 17:23:23635684306037626453|Info: request response ASYNC
28.05.2015 17:23:23635684306038946585|Info: requestSYNC
28.05.2015 17:23:23635684306038946585|Info: request permission SYNC
28.05.2015 17:23:24635684306043757066|Info: requestSYNC
28.05.2015 17:23:24635684306043757066|Info: request permission SYNC
28.05.2015 17:23:25635684306054848175|Info: requestSYNC
28.05.2015 17:23:25635684306054848175|Info: request permission SYNC
28.05.2015 17:23:25635684306059668657|Info: requestSYNC
28.05.2015 17:23:25635684306059678658|Info: request permission SYNC
28.05.2015 17:23:26635684306064529143|Info: requestSYNC
28.05.2015 17:23:26635684306064529143|Info: request permission SYNC
28.05.2015 17:23:26635684306066919382|Info: requestSYNC
28.05.2015 17:23:26635684306066929383|Info: request permission SYNC
28.05.2015 17:23:26635684306069789669|Info: requestSYNC
28.05.2015 17:23:26635684306069789669|Info: request permission SYNC
28.05.2015 17:23:27635684306072509941|Info: requestSYNC
28.05.2015 17:23:27635684306072519942|Info: request permission SYNC
28.05.2015 17:23:27635684306075350225|Info: requestSYNC
28.05.2015 17:23:32635684306122354925|Info: request permission SYNC
28.05.2015 17:23:32635684306124935183|Info: requestSYNC
28.05.2015 17:23:32635684306124935183|Info: request permission SYNC
28.05.2015 17:23:37635684306175850274|Error: 429, Rate Limit Exceeded
28.05.2015 17:25:06.635684307062368917|Info: request permission ASYNC
28.05.2015 17:25:06.635684307062398920|Info: request send ASYNC
28.05.2015 17:25:08.635684307087611441|Info: request response ASYNC
28.05.2015 17:25:08.635684307088711551|Info: requestSYNC
28.05.2015 17:25:08.635684307088721552|Info: request permission SYNC
28.05.2015 17:25:09.635684307093121992|Info: requestSYNC
28.05.2015 17:25:09.635684307093121992|Info: request permission SYNC
28.05.2015 17:25:10.635684307104283108|Info: requestSYNC
28.05.2015 17:25:10.635684307104283108|Info: request permission SYNC
28.05.2015 17:25:10.635684307109443624|Info: requestSYNC
28.05.2015 17:25:10.635684307109453625|Info: request permission SYNC
28.05.2015 17:25:11.635684307114254105|Info: requestSYNC
28.05.2015 17:25:11.635684307114254105|Info: request permission SYNC
28.05.2015 17:25:11.635684307116674347|Info: requestSYNC
28.05.2015 17:25:11.635684307116684348|Info: request permission SYNC
28.05.2015 17:25:11.635684307119114591|Info: requestSYNC
28.05.2015 17:25:11.635684307119124592|Info: request permission SYNC
28.05.2015 17:25:12.635684307122104890|Info: requestSYNC
28.05.2015 17:25:12.635684307122104890|Info: request permission SYNC
28.05.2015 17:25:12.635684307125005180|Info: requestSYNC
28.05.2015 17:25:17.635684307172509930|Info: request permission SYNC
28.05.2015 17:25:17.635684307175050184|Info: requestSYNC
28.05.2015 17:25:17.635684307175050184|Info: request permission SYNC
28.05.2015 17:25:22.635684307225805259|Error: 429, Rate Limit Exceeded
28.05.2015 17:26:30.227|Info: request permission ASYNC
28.05.2015 17:26:30.230|Info: request send ASYNC
28.05.2015 17:26:32.781|Info: request response ASYNC
28.05.2015 17:26:32.906|Info: requestSYNC
28.05.2015 17:26:32.907|Info: request permission SYNC
28.05.2015 17:26:33.306|Info: requestSYNC
28.05.2015 17:26:33.306|Info: request permission SYNC
28.05.2015 17:26:34.430|Info: requestSYNC
28.05.2015 17:26:34.431|Info: request permission SYNC
28.05.2015 17:26:34.934|Info: requestSYNC
28.05.2015 17:26:34.934|Info: request permission SYNC
28.05.2015 17:26:35.425|Info: requestSYNC
28.05.2015 17:26:35.425|Info: request permission SYNC
28.05.2015 17:26:35.691|Info: requestSYNC
28.05.2015 17:26:35.691|Info: request permission SYNC
28.05.2015 17:26:35.985|Info: requestSYNC
28.05.2015 17:26:35.986|Info: request permission SYNC
28.05.2015 17:26:36.236|Info: requestSYNC
28.05.2015 17:26:36.237|Info: request permission SYNC
28.05.2015 17:26:36.481|Info: requestSYNC
28.05.2015 17:26:41.232|Info: request permission SYNC
28.05.2015 17:26:41.481|Info: requestSYNC
28.05.2015 17:26:41.481|Info: request permission SYNC
28.05.2015 17:26:46.566|Error: 429, Rate Limit Exceeded
28.05.2015 17:29:05.988|Info: request permission SYNC
28.05.2015 17:29:12.362|Info: requestSYNC
28.05.2015 17:29:12.362|Info: request permission SYNC
28.05.2015 17:29:12.820|Info: requestSYNC
28.05.2015 17:29:12.820|Info: request permission SYNC
28.05.2015 17:29:14.78|Info: requestSYNC
28.05.2015 17:29:14.78|Info: request permission SYNC
28.05.2015 17:29:14.633|Info: requestSYNC
28.05.2015 17:29:14.633|Info: request permission SYNC
28.05.2015 17:29:15.224|Info: requestSYNC
28.05.2015 17:29:15.225|Info: request permission SYNC
28.05.2015 17:29:15.517|Info: requestSYNC
28.05.2015 17:29:15.518|Info: request permission SYNC
28.05.2015 17:29:15.801|Info: requestSYNC
28.05.2015 17:29:15.801|Info: request permission SYNC
28.05.2015 17:29:16.106|Info: requestSYNC
28.05.2015 17:29:16.107|Info: request permission SYNC
28.05.2015 17:29:16.401|Info: requestSYNC
28.05.2015 17:29:16.402|Info: request permission SYNC
28.05.2015 17:29:16.684|Info: requestSYNC
28.05.2015 17:29:16.684|Info: request permission SYNC
28.05.2015 17:29:21.793|Error: 429, Rate Limit Exceeded
28.05.2015 17:30:49.124|Info: request permission ASYNC
28.05.2015 17:30:49.127|Info: request send ASYNC
28.05.2015 17:30:51.649|Info: request ASYNC
28.05.2015 17:30:51.777|Info: requestSYNC
28.05.2015 17:30:51.777|Info: request permission SYNC
28.05.2015 17:30:52.181|Info: requestSYNC
28.05.2015 17:30:52.182|Info: request permission SYNC
28.05.2015 17:30:53.371|Info: requestSYNC
28.05.2015 17:30:53.371|Info: request permission SYNC
28.05.2015 17:30:53.859|Info: requestSYNC
28.05.2015 17:30:53.860|Info: request permission SYNC
28.05.2015 17:30:54.386|Info: requestSYNC
28.05.2015 17:30:54.386|Info: request permission SYNC
28.05.2015 17:30:54.649|Info: requestSYNC
28.05.2015 17:30:54.649|Info: request permission SYNC
28.05.2015 17:30:54.900|Info: requestSYNC
28.05.2015 17:30:54.901|Info: request permission SYNC
28.05.2015 17:30:55.171|Info: requestSYNC
28.05.2015 17:30:55.172|Info: request permission SYNC
28.05.2015 17:30:55.439|Info: requestSYNC
28.05.2015 17:31:00.140|Info: request permission SYNC
28.05.2015 17:31:00.433|Info: requestSYNC
28.05.2015 17:31:00.434|Info: request permission SYNC
28.05.2015 17:31:05.529|Error: 429, Rate Limit Exceeded
